2025-05-06 13:09:48,832 INFO o.a.j.u.JMeterUtils: Setting Locale to en_EN
2025-05-06 13:09:48,894 INFO o.a.j.JMeter: Loading user properties from: D:\apache-jmeter-5.6.3\apache-jmeter-5.6.3\bin\user.properties
2025-05-06 13:09:48,932 INFO o.a.j.JMeter: Loading system properties from: D:\apache-jmeter-5.6.3\apache-jmeter-5.6.3\bin\system.properties
2025-05-06 13:09:48,947 INFO o.a.j.JMeter: Copyright (c) 1998-2024 The Apache Software Foundation
2025-05-06 13:09:48,947 INFO o.a.j.JMeter: Version 5.6.3
2025-05-06 13:09:48,947 INFO o.a.j.JMeter: java.version=1.8.0_451
2025-05-06 13:09:48,947 INFO o.a.j.JMeter: java.vm.name=Java HotSpot(TM) 64-Bit Server VM
2025-05-06 13:09:48,947 INFO o.a.j.JMeter: os.name=Windows 10
2025-05-06 13:09:48,947 INFO o.a.j.JMeter: os.arch=amd64
2025-05-06 13:09:48,947 INFO o.a.j.JMeter: os.version=10.0
2025-05-06 13:09:48,947 INFO o.a.j.JMeter: file.encoding=Cp1252
2025-05-06 13:09:48,951 INFO o.a.j.JMeter: java.awt.headless=null
2025-05-06 13:09:48,951 INFO o.a.j.JMeter: Max memory     =1073741824
2025-05-06 13:09:48,951 INFO o.a.j.JMeter: Available Processors =8
2025-05-06 13:09:48,956 INFO o.a.j.JMeter: Default Locale=English (EN)
2025-05-06 13:09:48,960 INFO o.a.j.JMeter: JMeter  Locale=English (EN)
2025-05-06 13:09:48,960 INFO o.a.j.JMeter: JMeterHome=D:\apache-jmeter-5.6.3\apache-jmeter-5.6.3
2025-05-06 13:09:48,960 INFO o.a.j.JMeter: user.dir  =D:\SteamApp-master\SteamApp-master
2025-05-06 13:09:48,960 INFO o.a.j.JMeter: PWD       =D:\SteamApp-master\SteamApp-master
2025-05-06 13:09:48,960 INFO o.a.j.JMeter: IP: 192.168.43.203 Name: DESKTOP-93N5MAB FullName: DESKTOP-93N5MAB
2025-05-06 13:09:48,998 INFO o.a.j.JMeter: Loaded icon properties from org/apache/jmeter/images/icon.properties
2025-05-06 13:09:49,587 INFO o.a.j.JMeterGuiLauncher: Setting LAF to: com.github.weisj.darklaf.DarkLaf:com.github.weisj.darklaf.theme.DarculaTheme
2025-05-06 13:11:58,874 INFO o.a.j.p.h.s.HTTPSamplerBase: Parser for text/html is org.apache.jmeter.protocol.http.parser.LagartoBasedHtmlParser
2025-05-06 13:11:58,874 INFO o.a.j.p.h.s.HTTPSamplerBase: Parser for application/xhtml+xml is org.apache.jmeter.protocol.http.parser.LagartoBasedHtmlParser
2025-05-06 13:11:58,874 INFO o.a.j.p.h.s.HTTPSamplerBase: Parser for application/xml is org.apache.jmeter.protocol.http.parser.LagartoBasedHtmlParser
2025-05-06 13:11:58,874 INFO o.a.j.p.h.s.HTTPSamplerBase: Parser for text/xml is org.apache.jmeter.protocol.http.parser.LagartoBasedHtmlParser
2025-05-06 13:11:58,874 INFO o.a.j.p.h.s.HTTPSamplerBase: Parser for text/vnd.wap.wml is org.apache.jmeter.protocol.http.parser.RegexpHTMLParser
2025-05-06 13:11:58,874 INFO o.a.j.p.h.s.HTTPSamplerBase: Parser for text/css is org.apache.jmeter.protocol.http.parser.CssParser
2025-05-06 13:13:46,342 INFO o.a.j.s.SampleResult: Note: Sample TimeStamps are START times
2025-05-06 13:13:46,346 INFO o.a.j.s.SampleResult: sampleresult.default.encoding is set to UTF-8
2025-05-06 13:13:46,346 INFO o.a.j.s.SampleResult: sampleresult.useNanoTime=true
2025-05-06 13:13:46,346 INFO o.a.j.s.SampleResult: sampleresult.nanoThreadSleep=5000
2025-05-06 13:13:58,342 INFO o.a.j.s.FileServer: Default base='D:\SteamApp-master\SteamApp-master'
2025-05-06 13:13:58,343 INFO o.a.j.s.FileServer: Set new base='D:\SteamApp-master\SteamApp-master'
2025-05-06 13:13:58,649 INFO o.a.j.s.SaveService: Testplan (JMX) version: 2.2. Testlog (JTL) version: 2.2
2025-05-06 13:13:58,744 INFO o.a.j.s.SaveService: Using SaveService properties file encoding UTF-8
2025-05-06 13:13:58,744 INFO o.a.j.s.SaveService: Using SaveService properties version 5.0
2025-05-06 13:13:58,794 INFO o.a.j.e.StandardJMeterEngine: Running the test!
2025-05-06 13:13:58,794 INFO o.a.j.s.SampleEvent: List of sample_variables: []
2025-05-06 13:13:58,794 INFO o.a.j.s.SampleEvent: List of sample_variables: []
2025-05-06 13:13:58,794 INFO o.a.j.e.u.CompoundVariable: Note: Function class names must contain the string: '.functions.'
2025-05-06 13:13:58,794 INFO o.a.j.e.u.CompoundVariable: Note: Function class names must not contain the string: '.gui.'
2025-05-06 13:13:59,251 INFO o.a.j.g.u.JMeterMenuBar: setRunning(true, *local*)
2025-05-06 13:13:59,376 INFO o.a.j.e.StandardJMeterEngine: Starting ThreadGroup: 1 : Thread Group
2025-05-06 13:13:59,379 INFO o.a.j.e.StandardJMeterEngine: Starting 10 threads for group Thread Group.
2025-05-06 13:13:59,379 INFO o.a.j.e.StandardJMeterEngine: Thread will continue on error
2025-05-06 13:13:59,379 INFO o.a.j.t.ThreadGroup: Starting thread group... number=1 threads=10 ramp-up=1 delayedStart=false
2025-05-06 13:13:59,390 INFO o.a.j.t.JMeterThread: Thread started: Thread Group 1-1
2025-05-06 13:13:59,403 INFO o.a.j.t.ThreadGroup: Started thread group number 1
2025-05-06 13:13:59,403 INFO o.a.j.e.StandardJMeterEngine: All thread groups have been started
2025-05-06 13:13:59,428 INFO o.a.j.p.h.s.HTTPHCAbstractImpl: Local host = DESKTOP-93N5MAB
2025-05-06 13:13:59,439 INFO o.a.j.p.h.s.HTTPHC4Impl: HTTP request retry count = 0
2025-05-06 13:13:59,486 INFO o.a.j.t.JMeterThread: Thread started: Thread Group 1-2
2025-05-06 13:13:59,587 INFO o.a.j.t.JMeterThread: Thread started: Thread Group 1-3
2025-05-06 13:13:59,684 INFO o.a.j.t.JMeterThread: Thread started: Thread Group 1-4
2025-05-06 13:13:59,749 INFO o.a.j.t.JMeterThread: Thread is done: Thread Group 1-2
2025-05-06 13:13:59,749 INFO o.a.j.t.JMeterThread: Thread finished: Thread Group 1-2
2025-05-06 13:13:59,771 INFO o.a.j.t.JMeterThread: Thread is done: Thread Group 1-3
2025-05-06 13:13:59,772 INFO o.a.j.t.JMeterThread: Thread finished: Thread Group 1-3
2025-05-06 13:13:59,786 INFO o.a.j.t.JMeterThread: Thread started: Thread Group 1-5
2025-05-06 13:13:59,787 INFO o.a.j.t.JMeterThread: Thread is done: Thread Group 1-1
2025-05-06 13:13:59,787 INFO o.a.j.t.JMeterThread: Thread finished: Thread Group 1-1
2025-05-06 13:13:59,833 INFO o.a.j.t.JMeterThread: Thread is done: Thread Group 1-4
2025-05-06 13:13:59,833 INFO o.a.j.t.JMeterThread: Thread finished: Thread Group 1-4
2025-05-06 13:13:59,847 INFO o.a.j.t.JMeterThread: Thread is done: Thread Group 1-5
2025-05-06 13:13:59,847 INFO o.a.j.t.JMeterThread: Thread finished: Thread Group 1-5
2025-05-06 13:13:59,884 INFO o.a.j.t.JMeterThread: Thread started: Thread Group 1-6
2025-05-06 13:13:59,921 INFO o.a.j.t.JMeterThread: Thread is done: Thread Group 1-6
2025-05-06 13:13:59,922 INFO o.a.j.t.JMeterThread: Thread finished: Thread Group 1-6
2025-05-06 13:13:59,989 INFO o.a.j.t.JMeterThread: Thread started: Thread Group 1-7
2025-05-06 13:14:00,040 INFO o.a.j.t.JMeterThread: Thread is done: Thread Group 1-7
2025-05-06 13:14:00,040 INFO o.a.j.t.JMeterThread: Thread finished: Thread Group 1-7
2025-05-06 13:14:00,085 INFO o.a.j.t.JMeterThread: Thread started: Thread Group 1-8
2025-05-06 13:14:00,128 INFO o.a.j.t.JMeterThread: Thread is done: Thread Group 1-8
2025-05-06 13:14:00,128 INFO o.a.j.t.JMeterThread: Thread finished: Thread Group 1-8
2025-05-06 13:14:00,184 INFO o.a.j.t.JMeterThread: Thread started: Thread Group 1-9
2025-05-06 13:14:00,232 INFO o.a.j.t.JMeterThread: Thread is done: Thread Group 1-9
2025-05-06 13:14:00,233 INFO o.a.j.t.JMeterThread: Thread finished: Thread Group 1-9
2025-05-06 13:14:00,284 INFO o.a.j.t.JMeterThread: Thread started: Thread Group 1-10
2025-05-06 13:14:00,497 INFO o.a.j.t.JMeterThread: Thread is done: Thread Group 1-10
2025-05-06 13:14:00,497 INFO o.a.j.t.JMeterThread: Thread finished: Thread Group 1-10
2025-05-06 13:14:00,497 INFO o.a.j.e.StandardJMeterEngine: Notifying test listeners of end of test
2025-05-06 13:14:00,497 INFO o.a.j.g.u.JMeterMenuBar: setRunning(false, *local*)
2025-05-06 13:16:46,565 INFO o.a.j.e.StandardJMeterEngine: Running the test!
2025-05-06 13:16:46,565 INFO o.a.j.s.SampleEvent: List of sample_variables: []
2025-05-06 13:16:46,570 INFO o.a.j.g.u.JMeterMenuBar: setRunning(true, *local*)
2025-05-06 13:16:46,677 INFO o.a.j.e.StandardJMeterEngine: Starting ThreadGroup: 1 : Thread Group
2025-05-06 13:16:46,677 INFO o.a.j.e.StandardJMeterEngine: Starting 10 threads for group Thread Group.
2025-05-06 13:16:46,677 INFO o.a.j.e.StandardJMeterEngine: Thread will continue on error
2025-05-06 13:16:46,677 INFO o.a.j.t.ThreadGroup: Starting thread group... number=1 threads=10 ramp-up=1 delayedStart=false
2025-05-06 13:16:46,677 INFO o.a.j.t.JMeterThread: Thread started: Thread Group 1-1
2025-05-06 13:16:46,682 INFO o.a.j.t.ThreadGroup: Started thread group number 1
2025-05-06 13:16:46,682 INFO o.a.j.e.StandardJMeterEngine: All thread groups have been started
2025-05-06 13:16:46,767 INFO o.a.j.t.JMeterThread: Thread is done: Thread Group 1-1
2025-05-06 13:16:46,767 INFO o.a.j.t.JMeterThread: Thread finished: Thread Group 1-1
2025-05-06 13:16:46,790 INFO o.a.j.t.JMeterThread: Thread started: Thread Group 1-2
2025-05-06 13:16:46,849 INFO o.a.j.t.JMeterThread: Thread is done: Thread Group 1-2
2025-05-06 13:16:46,849 INFO o.a.j.t.JMeterThread: Thread finished: Thread Group 1-2
2025-05-06 13:16:46,883 INFO o.a.j.t.JMeterThread: Thread started: Thread Group 1-3
2025-05-06 13:16:46,937 INFO o.a.j.t.JMeterThread: Thread is done: Thread Group 1-3
2025-05-06 13:16:46,937 INFO o.a.j.t.JMeterThread: Thread finished: Thread Group 1-3
2025-05-06 13:16:46,978 INFO o.a.j.t.JMeterThread: Thread started: Thread Group 1-4
2025-05-06 13:16:47,035 INFO o.a.j.t.JMeterThread: Thread is done: Thread Group 1-4
2025-05-06 13:16:47,035 INFO o.a.j.t.JMeterThread: Thread finished: Thread Group 1-4
2025-05-06 13:16:47,078 INFO o.a.j.t.JMeterThread: Thread started: Thread Group 1-5
2025-05-06 13:16:47,124 INFO o.a.j.t.JMeterThread: Thread is done: Thread Group 1-5
2025-05-06 13:16:47,125 INFO o.a.j.t.JMeterThread: Thread finished: Thread Group 1-5
2025-05-06 13:16:47,178 INFO o.a.j.t.JMeterThread: Thread started: Thread Group 1-6
2025-05-06 13:16:47,228 INFO o.a.j.t.JMeterThread: Thread is done: Thread Group 1-6
2025-05-06 13:16:47,228 INFO o.a.j.t.JMeterThread: Thread finished: Thread Group 1-6
2025-05-06 13:16:47,278 INFO o.a.j.t.JMeterThread: Thread started: Thread Group 1-7
2025-05-06 13:16:47,364 INFO o.a.j.t.JMeterThread: Thread is done: Thread Group 1-7
2025-05-06 13:16:47,365 INFO o.a.j.t.JMeterThread: Thread finished: Thread Group 1-7
2025-05-06 13:16:47,378 INFO o.a.j.t.JMeterThread: Thread started: Thread Group 1-8
2025-05-06 13:16:47,428 INFO o.a.j.t.JMeterThread: Thread is done: Thread Group 1-8
2025-05-06 13:16:47,428 INFO o.a.j.t.JMeterThread: Thread finished: Thread Group 1-8
2025-05-06 13:16:47,478 INFO o.a.j.t.JMeterThread: Thread started: Thread Group 1-9
2025-05-06 13:16:47,525 INFO o.a.j.t.JMeterThread: Thread is done: Thread Group 1-9
2025-05-06 13:16:47,526 INFO o.a.j.t.JMeterThread: Thread finished: Thread Group 1-9
2025-05-06 13:16:47,578 INFO o.a.j.t.JMeterThread: Thread started: Thread Group 1-10
2025-05-06 13:16:47,624 INFO o.a.j.t.JMeterThread: Thread is done: Thread Group 1-10
2025-05-06 13:16:47,624 INFO o.a.j.t.JMeterThread: Thread finished: Thread Group 1-10
2025-05-06 13:16:47,628 INFO o.a.j.e.StandardJMeterEngine: Notifying test listeners of end of test
2025-05-06 13:16:47,628 INFO o.a.j.g.u.JMeterMenuBar: setRunning(false, *local*)
2025-05-06 13:17:25,414 INFO o.a.j.e.StandardJMeterEngine: Running the test!
2025-05-06 13:17:25,414 INFO o.a.j.s.SampleEvent: List of sample_variables: []
2025-05-06 13:17:25,418 INFO o.a.j.g.u.JMeterMenuBar: setRunning(true, *local*)
2025-05-06 13:17:25,525 INFO o.a.j.e.StandardJMeterEngine: Starting ThreadGroup: 1 : Thread Group
2025-05-06 13:17:25,525 INFO o.a.j.e.StandardJMeterEngine: Starting 10 threads for group Thread Group.
2025-05-06 13:17:25,525 INFO o.a.j.e.StandardJMeterEngine: Thread will continue on error
2025-05-06 13:17:25,525 INFO o.a.j.t.ThreadGroup: Starting thread group... number=1 threads=10 ramp-up=1 delayedStart=false
2025-05-06 13:17:25,526 INFO o.a.j.t.JMeterThread: Thread started: Thread Group 1-1
2025-05-06 13:17:25,528 INFO o.a.j.t.ThreadGroup: Started thread group number 1
2025-05-06 13:17:25,528 INFO o.a.j.e.StandardJMeterEngine: All thread groups have been started
2025-05-06 13:17:25,588 INFO o.a.j.t.JMeterThread: Thread is done: Thread Group 1-1
2025-05-06 13:17:25,588 INFO o.a.j.t.JMeterThread: Thread finished: Thread Group 1-1
2025-05-06 13:17:25,634 INFO o.a.j.t.JMeterThread: Thread started: Thread Group 1-2
2025-05-06 13:17:25,650 INFO o.a.j.t.JMeterThread: Thread is done: Thread Group 1-2
2025-05-06 13:17:25,651 INFO o.a.j.t.JMeterThread: Thread finished: Thread Group 1-2
2025-05-06 13:17:25,727 INFO o.a.j.t.JMeterThread: Thread started: Thread Group 1-3
2025-05-06 13:17:25,741 INFO o.a.j.t.JMeterThread: Thread is done: Thread Group 1-3
2025-05-06 13:17:25,741 INFO o.a.j.t.JMeterThread: Thread finished: Thread Group 1-3
2025-05-06 13:17:25,826 INFO o.a.j.t.JMeterThread: Thread started: Thread Group 1-4
2025-05-06 13:17:25,843 INFO o.a.j.t.JMeterThread: Thread is done: Thread Group 1-4
2025-05-06 13:17:25,843 INFO o.a.j.t.JMeterThread: Thread finished: Thread Group 1-4
2025-05-06 13:17:25,927 INFO o.a.j.t.JMeterThread: Thread started: Thread Group 1-5
2025-05-06 13:17:25,945 INFO o.a.j.t.JMeterThread: Thread is done: Thread Group 1-5
2025-05-06 13:17:25,945 INFO o.a.j.t.JMeterThread: Thread finished: Thread Group 1-5
2025-05-06 13:17:26,027 INFO o.a.j.t.JMeterThread: Thread started: Thread Group 1-6
2025-05-06 13:17:26,045 INFO o.a.j.t.JMeterThread: Thread is done: Thread Group 1-6
2025-05-06 13:17:26,045 INFO o.a.j.t.JMeterThread: Thread finished: Thread Group 1-6
2025-05-06 13:17:26,126 INFO o.a.j.t.JMeterThread: Thread started: Thread Group 1-7
2025-05-06 13:17:26,142 INFO o.a.j.t.JMeterThread: Thread is done: Thread Group 1-7
2025-05-06 13:17:26,143 INFO o.a.j.t.JMeterThread: Thread finished: Thread Group 1-7
2025-05-06 13:17:26,226 INFO o.a.j.t.JMeterThread: Thread started: Thread Group 1-8
2025-05-06 13:17:26,246 INFO o.a.j.t.JMeterThread: Thread is done: Thread Group 1-8
2025-05-06 13:17:26,246 INFO o.a.j.t.JMeterThread: Thread finished: Thread Group 1-8
2025-05-06 13:17:26,326 INFO o.a.j.t.JMeterThread: Thread started: Thread Group 1-9
2025-05-06 13:17:26,353 INFO o.a.j.t.JMeterThread: Thread is done: Thread Group 1-9
2025-05-06 13:17:26,353 INFO o.a.j.t.JMeterThread: Thread finished: Thread Group 1-9
2025-05-06 13:17:26,427 INFO o.a.j.t.JMeterThread: Thread started: Thread Group 1-10
2025-05-06 13:17:26,446 INFO o.a.j.t.JMeterThread: Thread is done: Thread Group 1-10
2025-05-06 13:17:26,447 INFO o.a.j.t.JMeterThread: Thread finished: Thread Group 1-10
2025-05-06 13:17:26,447 INFO o.a.j.e.StandardJMeterEngine: Notifying test listeners of end of test
2025-05-06 13:17:26,448 INFO o.a.j.g.u.JMeterMenuBar: setRunning(false, *local*)
2025-05-06 13:17:56,523 INFO o.a.j.e.StandardJMeterEngine: Running the test!
2025-05-06 13:17:56,523 INFO o.a.j.s.SampleEvent: List of sample_variables: []
2025-05-06 13:17:56,527 INFO o.a.j.g.u.JMeterMenuBar: setRunning(true, *local*)
2025-05-06 13:17:56,623 INFO o.a.j.e.StandardJMeterEngine: Starting ThreadGroup: 1 : Thread Group
2025-05-06 13:17:56,623 INFO o.a.j.e.StandardJMeterEngine: Starting 10 threads for group Thread Group.
2025-05-06 13:17:56,623 INFO o.a.j.e.StandardJMeterEngine: Thread will continue on error
2025-05-06 13:17:56,623 INFO o.a.j.t.ThreadGroup: Starting thread group... number=1 threads=10 ramp-up=1 delayedStart=false
2025-05-06 13:17:56,623 INFO o.a.j.t.JMeterThread: Thread started: Thread Group 1-1
2025-05-06 13:17:56,627 INFO o.a.j.t.ThreadGroup: Started thread group number 1
2025-05-06 13:17:56,627 INFO o.a.j.e.StandardJMeterEngine: All thread groups have been started
2025-05-06 13:17:56,642 INFO o.a.j.t.JMeterThread: Thread is done: Thread Group 1-1
2025-05-06 13:17:56,642 INFO o.a.j.t.JMeterThread: Thread finished: Thread Group 1-1
2025-05-06 13:17:56,731 INFO o.a.j.t.JMeterThread: Thread started: Thread Group 1-2
2025-05-06 13:17:56,759 INFO o.a.j.t.JMeterThread: Thread is done: Thread Group 1-2
2025-05-06 13:17:56,759 INFO o.a.j.t.JMeterThread: Thread finished: Thread Group 1-2
2025-05-06 13:17:56,826 INFO o.a.j.t.JMeterThread: Thread started: Thread Group 1-3
2025-05-06 13:17:56,838 INFO o.a.j.t.JMeterThread: Thread is done: Thread Group 1-3
2025-05-06 13:17:56,838 INFO o.a.j.t.JMeterThread: Thread finished: Thread Group 1-3
2025-05-06 13:17:56,935 INFO o.a.j.t.JMeterThread: Thread started: Thread Group 1-4
2025-05-06 13:17:56,945 INFO o.a.j.t.JMeterThread: Thread is done: Thread Group 1-4
2025-05-06 13:17:56,945 INFO o.a.j.t.JMeterThread: Thread finished: Thread Group 1-4
2025-05-06 13:17:57,028 INFO o.a.j.t.JMeterThread: Thread started: Thread Group 1-5
2025-05-06 13:17:57,048 INFO o.a.j.t.JMeterThread: Thread is done: Thread Group 1-5
2025-05-06 13:17:57,048 INFO o.a.j.t.JMeterThread: Thread finished: Thread Group 1-5
2025-05-06 13:17:57,124 INFO o.a.j.t.JMeterThread: Thread started: Thread Group 1-6
2025-05-06 13:17:57,140 INFO o.a.j.t.JMeterThread: Thread is done: Thread Group 1-6
2025-05-06 13:17:57,140 INFO o.a.j.t.JMeterThread: Thread finished: Thread Group 1-6
2025-05-06 13:17:57,224 INFO o.a.j.t.JMeterThread: Thread started: Thread Group 1-7
2025-05-06 13:17:57,268 INFO o.a.j.t.JMeterThread: Thread is done: Thread Group 1-7
2025-05-06 13:17:57,268 INFO o.a.j.t.JMeterThread: Thread finished: Thread Group 1-7
2025-05-06 13:17:57,324 INFO o.a.j.t.JMeterThread: Thread started: Thread Group 1-8
2025-05-06 13:17:57,341 INFO o.a.j.t.JMeterThread: Thread is done: Thread Group 1-8
2025-05-06 13:17:57,342 INFO o.a.j.t.JMeterThread: Thread finished: Thread Group 1-8
2025-05-06 13:17:57,424 INFO o.a.j.t.JMeterThread: Thread started: Thread Group 1-9
2025-05-06 13:17:57,443 INFO o.a.j.t.JMeterThread: Thread is done: Thread Group 1-9
2025-05-06 13:17:57,443 INFO o.a.j.t.JMeterThread: Thread finished: Thread Group 1-9
2025-05-06 13:17:57,524 INFO o.a.j.t.JMeterThread: Thread started: Thread Group 1-10
2025-05-06 13:17:57,538 INFO o.a.j.t.JMeterThread: Thread is done: Thread Group 1-10
2025-05-06 13:17:57,538 INFO o.a.j.t.JMeterThread: Thread finished: Thread Group 1-10
2025-05-06 13:17:57,542 INFO o.a.j.e.StandardJMeterEngine: Notifying test listeners of end of test
2025-05-06 13:17:57,543 INFO o.a.j.g.u.JMeterMenuBar: setRunning(false, *local*)
2025-05-06 13:18:10,783 INFO o.a.j.e.StandardJMeterEngine: Running the test!
2025-05-06 13:18:10,783 INFO o.a.j.s.SampleEvent: List of sample_variables: []
2025-05-06 13:18:10,783 INFO o.a.j.g.u.JMeterMenuBar: setRunning(true, *local*)
2025-05-06 13:18:10,906 INFO o.a.j.e.StandardJMeterEngine: Starting ThreadGroup: 1 : Thread Group
2025-05-06 13:18:10,906 INFO o.a.j.e.StandardJMeterEngine: Starting 10 threads for group Thread Group.
2025-05-06 13:18:10,906 INFO o.a.j.e.StandardJMeterEngine: Thread will continue on error
2025-05-06 13:18:10,906 INFO o.a.j.t.ThreadGroup: Starting thread group... number=1 threads=10 ramp-up=1 delayedStart=false
2025-05-06 13:18:10,906 INFO o.a.j.t.JMeterThread: Thread started: Thread Group 1-1
2025-05-06 13:18:10,909 INFO o.a.j.t.ThreadGroup: Started thread group number 1
2025-05-06 13:18:10,909 INFO o.a.j.e.StandardJMeterEngine: All thread groups have been started
2025-05-06 13:18:11,011 INFO o.a.j.t.JMeterThread: Thread started: Thread Group 1-2
2025-05-06 13:18:11,119 INFO o.a.j.t.JMeterThread: Thread started: Thread Group 1-3
2025-05-06 13:18:11,212 INFO o.a.j.t.JMeterThread: Thread started: Thread Group 1-4
2025-05-06 13:18:11,320 INFO o.a.j.t.JMeterThread: Thread started: Thread Group 1-5
2025-05-06 13:18:11,407 INFO o.a.j.t.JMeterThread: Thread started: Thread Group 1-6
2025-05-06 13:18:11,507 INFO o.a.j.t.JMeterThread: Thread started: Thread Group 1-7
2025-05-06 13:18:11,597 INFO o.a.j.t.JMeterThread: Thread is done: Thread Group 1-1
2025-05-06 13:18:11,597 INFO o.a.j.t.JMeterThread: Thread finished: Thread Group 1-1
2025-05-06 13:18:11,607 INFO o.a.j.t.JMeterThread: Thread started: Thread Group 1-8
2025-05-06 13:18:11,706 INFO o.a.j.t.JMeterThread: Thread started: Thread Group 1-9
2025-05-06 13:18:11,805 INFO o.a.j.t.JMeterThread: Thread is done: Thread Group 1-8
2025-05-06 13:18:11,805 INFO o.a.j.t.JMeterThread: Thread finished: Thread Group 1-8
2025-05-06 13:18:11,807 INFO o.a.j.t.JMeterThread: Thread started: Thread Group 1-10
2025-05-06 13:18:11,841 INFO o.a.j.t.JMeterThread: Thread is done: Thread Group 1-7
2025-05-06 13:18:11,841 INFO o.a.j.t.JMeterThread: Thread finished: Thread Group 1-7
2025-05-06 13:18:11,895 INFO o.a.j.t.JMeterThread: Thread is done: Thread Group 1-2
2025-05-06 13:18:11,895 INFO o.a.j.t.JMeterThread: Thread finished: Thread Group 1-2
2025-05-06 13:18:11,984 INFO o.a.j.t.JMeterThread: Thread is done: Thread Group 1-5
2025-05-06 13:18:11,984 INFO o.a.j.t.JMeterThread: Thread finished: Thread Group 1-5
2025-05-06 13:18:12,137 INFO o.a.j.t.JMeterThread: Thread is done: Thread Group 1-4
2025-05-06 13:18:12,138 INFO o.a.j.t.JMeterThread: Thread finished: Thread Group 1-4
2025-05-06 13:18:12,176 INFO o.a.j.t.JMeterThread: Thread is done: Thread Group 1-10
2025-05-06 13:18:12,177 INFO o.a.j.t.JMeterThread: Thread finished: Thread Group 1-10
2025-05-06 13:18:12,205 INFO o.a.j.t.JMeterThread: Thread is done: Thread Group 1-3
2025-05-06 13:18:12,205 INFO o.a.j.t.JMeterThread: Thread finished: Thread Group 1-3
2025-05-06 13:18:12,259 INFO o.a.j.t.JMeterThread: Thread is done: Thread Group 1-9
2025-05-06 13:18:12,259 INFO o.a.j.t.JMeterThread: Thread finished: Thread Group 1-9
2025-05-06 13:18:12,284 INFO o.a.j.t.JMeterThread: Thread is done: Thread Group 1-6
2025-05-06 13:18:12,284 INFO o.a.j.t.JMeterThread: Thread finished: Thread Group 1-6
2025-05-06 13:18:12,284 INFO o.a.j.e.StandardJMeterEngine: Notifying test listeners of end of test
2025-05-06 13:18:12,284 INFO o.a.j.g.u.JMeterMenuBar: setRunning(false, *local*)
2025-05-06 13:18:40,519 INFO o.a.j.e.StandardJMeterEngine: Running the test!
2025-05-06 13:18:40,519 INFO o.a.j.s.SampleEvent: List of sample_variables: []
2025-05-06 13:18:40,519 INFO o.a.j.g.u.JMeterMenuBar: setRunning(true, *local*)
2025-05-06 13:18:40,659 INFO o.a.j.e.StandardJMeterEngine: Starting ThreadGroup: 1 : Thread Group
2025-05-06 13:18:40,659 INFO o.a.j.e.StandardJMeterEngine: Starting 10 threads for group Thread Group.
2025-05-06 13:18:40,659 INFO o.a.j.e.StandardJMeterEngine: Thread will continue on error
2025-05-06 13:18:40,659 INFO o.a.j.t.ThreadGroup: Starting thread group... number=1 threads=10 ramp-up=1 delayedStart=false
2025-05-06 13:18:40,663 INFO o.a.j.t.JMeterThread: Thread started: Thread Group 1-1
2025-05-06 13:18:40,664 INFO o.a.j.t.ThreadGroup: Started thread group number 1
2025-05-06 13:18:40,664 INFO o.a.j.e.StandardJMeterEngine: All thread groups have been started
2025-05-06 13:18:40,761 INFO o.a.j.t.JMeterThread: Thread started: Thread Group 1-2
2025-05-06 13:18:40,859 INFO o.a.j.t.JMeterThread: Thread started: Thread Group 1-3
2025-05-06 13:18:40,960 INFO o.a.j.t.JMeterThread: Thread started: Thread Group 1-4
2025-05-06 13:18:41,060 INFO o.a.j.t.JMeterThread: Thread started: Thread Group 1-5
2025-05-06 13:18:41,160 INFO o.a.j.t.JMeterThread: Thread started: Thread Group 1-6
2025-05-06 13:18:41,260 INFO o.a.j.t.JMeterThread: Thread started: Thread Group 1-7
2025-05-06 13:18:41,361 INFO o.a.j.t.JMeterThread: Thread started: Thread Group 1-8
2025-05-06 13:18:41,456 INFO o.a.j.t.JMeterThread: Thread is done: Thread Group 1-2
2025-05-06 13:18:41,456 INFO o.a.j.t.JMeterThread: Thread is done: Thread Group 1-1
2025-05-06 13:18:41,457 INFO o.a.j.t.JMeterThread: Thread finished: Thread Group 1-1
2025-05-06 13:18:41,457 INFO o.a.j.t.JMeterThread: Thread finished: Thread Group 1-2
2025-05-06 13:18:41,460 INFO o.a.j.t.JMeterThread: Thread started: Thread Group 1-9
2025-05-06 13:18:41,559 INFO o.a.j.t.JMeterThread: Thread started: Thread Group 1-10
2025-05-06 13:18:41,630 INFO o.a.j.t.JMeterThread: Thread is done: Thread Group 1-3
2025-05-06 13:18:41,630 INFO o.a.j.t.JMeterThread: Thread finished: Thread Group 1-3
2025-05-06 13:18:41,650 INFO o.a.j.t.JMeterThread: Thread is done: Thread Group 1-4
2025-05-06 13:18:41,650 INFO o.a.j.t.JMeterThread: Thread finished: Thread Group 1-4
2025-05-06 13:18:41,807 INFO o.a.j.t.JMeterThread: Thread is done: Thread Group 1-6
2025-05-06 13:18:41,807 INFO o.a.j.t.JMeterThread: Thread finished: Thread Group 1-6
2025-05-06 13:18:41,952 INFO o.a.j.t.JMeterThread: Thread is done: Thread Group 1-5
2025-05-06 13:18:41,952 INFO o.a.j.t.JMeterThread: Thread is done: Thread Group 1-7
2025-05-06 13:18:41,952 INFO o.a.j.t.JMeterThread: Thread finished: Thread Group 1-5
2025-05-06 13:18:41,952 INFO o.a.j.t.JMeterThread: Thread finished: Thread Group 1-7
2025-05-06 13:18:41,959 INFO o.a.j.t.JMeterThread: Thread is done: Thread Group 1-8
2025-05-06 13:18:41,959 INFO o.a.j.t.JMeterThread: Thread finished: Thread Group 1-8
2025-05-06 13:18:42,119 INFO o.a.j.t.JMeterThread: Thread is done: Thread Group 1-9
2025-05-06 13:18:42,119 INFO o.a.j.t.JMeterThread: Thread finished: Thread Group 1-9
2025-05-06 13:18:42,139 INFO o.a.j.t.JMeterThread: Thread is done: Thread Group 1-10
2025-05-06 13:18:42,139 INFO o.a.j.t.JMeterThread: Thread finished: Thread Group 1-10
2025-05-06 13:18:42,139 INFO o.a.j.e.StandardJMeterEngine: Notifying test listeners of end of test
2025-05-06 13:18:42,139 INFO o.a.j.g.u.JMeterMenuBar: setRunning(false, *local*)
2025-05-06 13:19:44,207 INFO o.a.j.e.StandardJMeterEngine: Running the test!
2025-05-06 13:19:44,209 INFO o.a.j.s.SampleEvent: List of sample_variables: []
2025-05-06 13:19:44,209 INFO o.a.j.g.u.JMeterMenuBar: setRunning(true, *local*)
2025-05-06 13:19:44,315 INFO o.a.j.e.StandardJMeterEngine: Starting ThreadGroup: 1 : Thread Group
2025-05-06 13:19:44,315 INFO o.a.j.e.StandardJMeterEngine: Starting 10 threads for group Thread Group.
2025-05-06 13:19:44,315 INFO o.a.j.e.StandardJMeterEngine: Thread will continue on error
2025-05-06 13:19:44,315 INFO o.a.j.t.ThreadGroup: Starting thread group... number=1 threads=10 ramp-up=1 delayedStart=false
2025-05-06 13:19:44,315 INFO o.a.j.t.JMeterThread: Thread started: Thread Group 1-1
2025-05-06 13:19:44,318 INFO o.a.j.t.ThreadGroup: Started thread group number 1
2025-05-06 13:19:44,319 INFO o.a.j.e.StandardJMeterEngine: All thread groups have been started
2025-05-06 13:19:44,418 INFO o.a.j.t.JMeterThread: Thread started: Thread Group 1-2
2025-05-06 13:19:44,498 INFO o.a.j.t.JMeterThread: Thread is done: Thread Group 1-1
2025-05-06 13:19:44,498 INFO o.a.j.t.JMeterThread: Thread finished: Thread Group 1-1
2025-05-06 13:19:44,526 INFO o.a.j.t.JMeterThread: Thread started: Thread Group 1-3
2025-05-06 13:19:44,585 INFO o.a.j.t.JMeterThread: Thread is done: Thread Group 1-3
2025-05-06 13:19:44,585 INFO o.a.j.t.JMeterThread: Thread finished: Thread Group 1-3
2025-05-06 13:19:44,619 INFO o.a.j.t.JMeterThread: Thread started: Thread Group 1-4
2025-05-06 13:19:44,672 INFO o.a.j.t.JMeterThread: Thread is done: Thread Group 1-4
2025-05-06 13:19:44,672 INFO o.a.j.t.JMeterThread: Thread finished: Thread Group 1-4
2025-05-06 13:19:44,699 INFO o.a.j.t.JMeterThread: Thread is done: Thread Group 1-2
2025-05-06 13:19:44,699 INFO o.a.j.t.JMeterThread: Thread finished: Thread Group 1-2
2025-05-06 13:19:44,717 INFO o.a.j.t.JMeterThread: Thread started: Thread Group 1-5
2025-05-06 13:19:44,765 INFO o.a.j.t.JMeterThread: Thread is done: Thread Group 1-5
2025-05-06 13:19:44,765 INFO o.a.j.t.JMeterThread: Thread finished: Thread Group 1-5
2025-05-06 13:19:44,816 INFO o.a.j.t.JMeterThread: Thread started: Thread Group 1-6
2025-05-06 13:19:44,916 INFO o.a.j.t.JMeterThread: Thread started: Thread Group 1-7
2025-05-06 13:19:44,924 INFO o.a.j.t.JMeterThread: Thread is done: Thread Group 1-6
2025-05-06 13:19:44,925 INFO o.a.j.t.JMeterThread: Thread finished: Thread Group 1-6
2025-05-06 13:19:44,959 INFO o.a.j.t.JMeterThread: Thread is done: Thread Group 1-7
2025-05-06 13:19:44,959 INFO o.a.j.t.JMeterThread: Thread finished: Thread Group 1-7
2025-05-06 13:19:45,015 INFO o.a.j.t.JMeterThread: Thread started: Thread Group 1-8
2025-05-06 13:19:45,061 INFO o.a.j.t.JMeterThread: Thread is done: Thread Group 1-8
2025-05-06 13:19:45,061 INFO o.a.j.t.JMeterThread: Thread finished: Thread Group 1-8
2025-05-06 13:19:45,117 INFO o.a.j.t.JMeterThread: Thread started: Thread Group 1-9
2025-05-06 13:19:45,163 INFO o.a.j.t.JMeterThread: Thread is done: Thread Group 1-9
2025-05-06 13:19:45,163 INFO o.a.j.t.JMeterThread: Thread finished: Thread Group 1-9
2025-05-06 13:19:45,217 INFO o.a.j.t.JMeterThread: Thread started: Thread Group 1-10
2025-05-06 13:19:45,262 INFO o.a.j.t.JMeterThread: Thread is done: Thread Group 1-10
2025-05-06 13:19:45,262 INFO o.a.j.t.JMeterThread: Thread finished: Thread Group 1-10
2025-05-06 13:19:45,262 INFO o.a.j.e.StandardJMeterEngine: Notifying test listeners of end of test
2025-05-06 13:19:45,262 INFO o.a.j.g.u.JMeterMenuBar: setRunning(false, *local*)
2025-05-06 13:24:14,143 INFO o.a.j.e.StandardJMeterEngine: Running the test!
2025-05-06 13:24:14,143 INFO o.a.j.s.SampleEvent: List of sample_variables: []
2025-05-06 13:24:14,147 INFO o.a.j.g.u.JMeterMenuBar: setRunning(true, *local*)
2025-05-06 13:24:14,351 INFO o.a.j.e.StandardJMeterEngine: Starting ThreadGroup: 1 : Thread Group
2025-05-06 13:24:14,351 INFO o.a.j.e.StandardJMeterEngine: Starting 1 threads for group Thread Group.
2025-05-06 13:24:14,351 INFO o.a.j.e.StandardJMeterEngine: Thread will continue on error
2025-05-06 13:24:14,351 INFO o.a.j.t.ThreadGroup: Starting thread group... number=1 threads=1 ramp-up=1 delayedStart=false
2025-05-06 13:24:14,351 INFO o.a.j.t.ThreadGroup: Started thread group number 1
2025-05-06 13:24:14,351 INFO o.a.j.e.StandardJMeterEngine: All thread groups have been started
2025-05-06 13:24:14,355 INFO o.a.j.t.JMeterThread: Thread started: Thread Group 1-1
2025-05-06 13:24:14,563 INFO o.a.j.t.JMeterThread: Thread is done: Thread Group 1-1
2025-05-06 13:24:14,563 INFO o.a.j.t.JMeterThread: Thread finished: Thread Group 1-1
2025-05-06 13:24:14,563 INFO o.a.j.e.StandardJMeterEngine: Notifying test listeners of end of test
2025-05-06 13:24:14,563 INFO o.a.j.g.u.JMeterMenuBar: setRunning(false, *local*)
2025-05-06 13:24:40,777 INFO o.a.j.e.StandardJMeterEngine: Running the test!
2025-05-06 13:24:40,778 INFO o.a.j.s.SampleEvent: List of sample_variables: []
2025-05-06 13:24:40,778 INFO o.a.j.g.u.JMeterMenuBar: setRunning(true, *local*)
2025-05-06 13:24:40,881 INFO o.a.j.e.StandardJMeterEngine: Starting ThreadGroup: 1 : Thread Group
2025-05-06 13:24:40,881 INFO o.a.j.e.StandardJMeterEngine: Starting 1 threads for group Thread Group.
2025-05-06 13:24:40,881 INFO o.a.j.e.StandardJMeterEngine: Thread will continue on error
2025-05-06 13:24:40,881 INFO o.a.j.t.ThreadGroup: Starting thread group... number=1 threads=1 ramp-up=1 delayedStart=false
2025-05-06 13:24:40,881 INFO o.a.j.t.ThreadGroup: Started thread group number 1
2025-05-06 13:24:40,881 INFO o.a.j.e.StandardJMeterEngine: All thread groups have been started
2025-05-06 13:24:40,881 INFO o.a.j.t.JMeterThread: Thread started: Thread Group 1-1
2025-05-06 13:24:40,961 INFO o.a.j.t.JMeterThread: Thread is done: Thread Group 1-1
2025-05-06 13:24:40,961 INFO o.a.j.t.JMeterThread: Thread finished: Thread Group 1-1
2025-05-06 13:24:40,961 INFO o.a.j.e.StandardJMeterEngine: Notifying test listeners of end of test
2025-05-06 13:24:40,961 INFO o.a.j.g.u.JMeterMenuBar: setRunning(false, *local*)
2025-05-06 13:26:46,748 INFO o.a.j.e.StandardJMeterEngine: Running the test!
2025-05-06 13:26:46,748 INFO o.a.j.s.SampleEvent: List of sample_variables: []
2025-05-06 13:26:46,749 INFO o.a.j.g.u.JMeterMenuBar: setRunning(true, *local*)
2025-05-06 13:26:46,761 INFO o.a.j.e.StandardJMeterEngine: Starting ThreadGroup: 1 : Thread Group
2025-05-06 13:26:46,761 INFO o.a.j.e.StandardJMeterEngine: Starting 1 threads for group Thread Group.
2025-05-06 13:26:46,761 INFO o.a.j.e.StandardJMeterEngine: Thread will continue on error
2025-05-06 13:26:46,761 INFO o.a.j.t.ThreadGroup: Starting thread group... number=1 threads=1 ramp-up=1 delayedStart=false
2025-05-06 13:26:46,762 INFO o.a.j.t.ThreadGroup: Started thread group number 1
2025-05-06 13:26:46,762 INFO o.a.j.e.StandardJMeterEngine: All thread groups have been started
2025-05-06 13:26:46,763 INFO o.a.j.t.JMeterThread: Thread started: Thread Group 1-1
2025-05-06 13:26:46,849 INFO o.a.j.t.JMeterThread: Thread is done: Thread Group 1-1
2025-05-06 13:26:46,849 INFO o.a.j.t.JMeterThread: Thread finished: Thread Group 1-1
2025-05-06 13:26:46,849 INFO o.a.j.e.StandardJMeterEngine: Notifying test listeners of end of test
2025-05-06 13:26:46,849 INFO o.a.j.g.u.JMeterMenuBar: setRunning(false, *local*)
2025-05-06 13:27:27,633 INFO o.a.j.e.StandardJMeterEngine: Running the test!
2025-05-06 13:27:27,634 INFO o.a.j.s.SampleEvent: List of sample_variables: []
2025-05-06 13:27:27,635 INFO o.a.j.g.u.JMeterMenuBar: setRunning(true, *local*)
2025-05-06 13:27:27,760 INFO o.a.j.e.StandardJMeterEngine: Starting ThreadGroup: 1 : Thread Group
2025-05-06 13:27:27,760 INFO o.a.j.e.StandardJMeterEngine: Starting 1 threads for group Thread Group.
2025-05-06 13:27:27,760 INFO o.a.j.e.StandardJMeterEngine: Thread will continue on error
2025-05-06 13:27:27,760 INFO o.a.j.t.ThreadGroup: Starting thread group... number=1 threads=1 ramp-up=1 delayedStart=false
2025-05-06 13:27:27,760 INFO o.a.j.t.ThreadGroup: Started thread group number 1
2025-05-06 13:27:27,760 INFO o.a.j.e.StandardJMeterEngine: All thread groups have been started
2025-05-06 13:27:27,760 INFO o.a.j.t.JMeterThread: Thread started: Thread Group 1-1
2025-05-06 13:27:28,080 INFO o.a.j.t.JMeterThread: Thread is done: Thread Group 1-1
2025-05-06 13:27:28,080 INFO o.a.j.t.JMeterThread: Thread finished: Thread Group 1-1
2025-05-06 13:27:28,080 INFO o.a.j.e.StandardJMeterEngine: Notifying test listeners of end of test
2025-05-06 13:27:28,080 INFO o.a.j.g.u.JMeterMenuBar: setRunning(false, *local*)
2025-05-06 13:27:50,494 INFO o.a.j.e.StandardJMeterEngine: Running the test!
2025-05-06 13:27:50,494 INFO o.a.j.s.SampleEvent: List of sample_variables: []
2025-05-06 13:27:50,494 INFO o.a.j.g.u.JMeterMenuBar: setRunning(true, *local*)
2025-05-06 13:27:50,594 INFO o.a.j.e.StandardJMeterEngine: Starting ThreadGroup: 1 : Thread Group
2025-05-06 13:27:50,594 INFO o.a.j.e.StandardJMeterEngine: Starting 1 threads for group Thread Group.
2025-05-06 13:27:50,594 INFO o.a.j.e.StandardJMeterEngine: Thread will continue on error
2025-05-06 13:27:50,594 INFO o.a.j.t.ThreadGroup: Starting thread group... number=1 threads=1 ramp-up=1 delayedStart=false
2025-05-06 13:27:50,594 INFO o.a.j.t.ThreadGroup: Started thread group number 1
2025-05-06 13:27:50,594 INFO o.a.j.e.StandardJMeterEngine: All thread groups have been started
2025-05-06 13:27:50,594 INFO o.a.j.t.JMeterThread: Thread started: Thread Group 1-1
2025-05-06 13:27:50,678 INFO o.a.j.t.JMeterThread: Thread is done: Thread Group 1-1
2025-05-06 13:27:50,678 INFO o.a.j.t.JMeterThread: Thread finished: Thread Group 1-1
2025-05-06 13:27:50,678 INFO o.a.j.e.StandardJMeterEngine: Notifying test listeners of end of test
2025-05-06 13:27:50,678 INFO o.a.j.g.u.JMeterMenuBar: setRunning(false, *local*)
